<?xml version="1.0" encoding="UTF-8"?>
<testsuite name="testpacket.ProcessTest" tests="2" skipped="0" failures="0" errors="0" timestamp="2018-05-24T18:07:33" hostname="Vadym" time="0.257">
  <properties/>
  <testcase name="test_division_by_zero" classname="testpacket.ProcessTest" time="0.0"/>
  <testcase name="test_division_by_zero" classname="testpacket.ProcessTest" time="0.0"/>
  <system-out><![CDATA[]]></system-out>
  <system-err><![CDATA[]]></system-err>
</testsuite>
