<?xml version="1.0" encoding="UTF-8"?>
<testsuite name="CalculationTest" tests="2" skipped="0" failures="0" errors="0" timestamp="2018-05-15T19:36:33" hostname="Vadym" time="0.033">
  <properties/>
  <testcase name="correctness_char" classname="CalculationTest" time="0.002"/>
  <testcase name="delimeter" classname="CalculationTest" time="0.0"/>
  <system-out><![CDATA[]]></system-out>
  <system-err><![CDATA[]]></system-err>
</testsuite>
