<?xml version="1.0" encoding="UTF-8"?>
<testsuite name="testpackage.MainTest" tests="10" skipped="0" failures="0" errors="0" timestamp="2018-06-11T19:22:45" hostname="Vadym" time="0.272">
  <properties/>
  <testcase name="testenablejt" classname="testpackage.MainTest" time="0.075"/>
  <testcase name="testans" classname="testpackage.MainTest" time="0.001"/>
  <testcase name="testbin" classname="testpackage.MainTest" time="0.001"/>
  <testcase name="testhex" classname="testpackage.MainTest" time="0.001"/>
  <testcase name="testvkl" classname="testpackage.MainTest" time="0.0"/>
  <testcase name="testoctal" classname="testpackage.MainTest" time="0.001"/>
  <testcase name="testmath" classname="testpackage.MainTest" time="0.0"/>
  <testcase name="testroun" classname="testpackage.MainTest" time="0.0"/>
  <testcase name="jButtonCActionPerformed" classname="testpackage.MainTest" time="0.001"/>
  <testcase name="test1x" classname="testpackage.MainTest" time="0.001"/>
  <system-out><![CDATA[ERROR
]]></system-out>
  <system-err><![CDATA[]]></system-err>
</testsuite>
