<?xml version="1.0" encoding="UTF-8"?>
<testsuite name="MainTest" tests="7" skipped="0" failures="0" errors="0" timestamp="2018-05-03T17:36:46" hostname="Vadym" time="9.469">
  <properties/>
  <testcase name="test_jButton_1_height" classname="MainTest" time="9.283"/>
  <testcase name="test_division_by_one" classname="MainTest" time="0.036"/>
  <testcase name="test_jButton_1_width" classname="MainTest" time="0.031"/>
  <testcase name="test_jButton_1_font" classname="MainTest" time="0.031"/>
  <testcase name="test_jButton_1_text" classname="MainTest" time="0.028"/>
  <testcase name="test_jButton_2_font" classname="MainTest" time="0.031"/>
  <testcase name="test_division_by_zero" classname="MainTest" time="0.027"/>
  <system-out><![CDATA[]]></system-out>
  <system-err><![CDATA[]]></system-err>
</testsuite>
