<?xml version="1.0" encoding="UTF-8"?>
<testsuite name="CalculationTest" tests="1" skipped="0" failures="0" errors="0" timestamp="2018-05-11T06:01:42" hostname="Vadym" time="0.003">
  <properties/>
  <testcase name="correctness_char" classname="CalculationTest" time="0.003"/>
  <system-out><![CDATA[]]></system-out>
  <system-err><![CDATA[]]></system-err>
</testsuite>
