<?xml version="1.0" encoding="UTF-8"?>
<testsuite name="testpacket.MainTest" tests="6" skipped="0" failures="0" errors="0" timestamp="2018-05-18T06:02:44" hostname="Vadym" time="0.292">
  <properties/>
  <testcase name="test_jButton_1_height" classname="testpacket.MainTest" time="0.001"/>
  <testcase name="test_division_by_one" classname="testpacket.MainTest" time="0.045"/>
  <testcase name="test_jButton_1_width" classname="testpacket.MainTest" time="0.001"/>
  <testcase name="test_jButton_1_text" classname="testpacket.MainTest" time="0.032"/>
  <testcase name="testTitleFrame" classname="testpacket.MainTest" time="0.026"/>
  <testcase name="KeyPressed" classname="testpacket.MainTest" time="0.017"/>
  <system-out><![CDATA[]]></system-out>
  <system-err><![CDATA[]]></system-err>
</testsuite>
