<?xml version="1.0" encoding="UTF-8"?>
<testsuite name="testpackage.MainTest" tests="12" skipped="0" failures="0" errors="0" timestamp="2018-06-19T15:24:18" hostname="Vadym" time="0.603">
  <properties/>
  <testcase name="testlivesum" classname="testpackage.MainTest" time="0.07"/>
  <testcase name="testans" classname="testpackage.MainTest" time="0.002"/>
  <testcase name="testbin" classname="testpackage.MainTest" time="0.152"/>
  <testcase name="testhex" classname="testpackage.MainTest" time="0.001"/>
  <testcase name="testvkl" classname="testpackage.MainTest" time="0.002"/>
  <testcase name="testoctal" classname="testpackage.MainTest" time="0.001"/>
  <testcase name="testmath" classname="testpackage.MainTest" time="0.001"/>
  <testcase name="testroun" classname="testpackage.MainTest" time="0.001"/>
  <testcase name="testvykl" classname="testpackage.MainTest" time="0.027"/>
  <testcase name="test1x" classname="testpackage.MainTest" time="0.001"/>
  <testcase name="test_division_by_one" classname="testpackage.MainTest" time="0.023"/>
  <testcase name="KeyPressedVK2" classname="testpackage.MainTest" time="0.002"/>
  <system-out><![CDATA[]]></system-out>
  <system-err><![CDATA[]]></system-err>
</testsuite>
