<?xml version="1.0" encoding="UTF-8"?>
<testsuite name="testpackage.PrioritetTest" tests="2" skipped="0" failures="0" errors="0" timestamp="2018-06-13T21:40:23" hostname="Vadym" time="0.0">
  <properties/>
  <testcase name="prioritet" classname="testpackage.PrioritetTest" time="0.0"/>
  <testcase name="priority" classname="testpackage.PrioritetTest" time="0.0"/>
  <system-out><![CDATA[]]></system-out>
  <system-err><![CDATA[]]></system-err>
</testsuite>
