<?xml version="1.0" encoding="UTF-8"?>
<testsuite name="testpackage.PitView" tests="1" skipped="0" failures="0" errors="0" timestamp="2018-06-13T17:02:08" hostname="Vadym" time="0.001">
  <properties/>
  <testcase name="test_jButton_0_height" classname="testpackage.PitView" time="0.001"/>
  <system-out><![CDATA[]]></system-out>
  <system-err><![CDATA[]]></system-err>
</testsuite>
