<?xml version="1.0" encoding="UTF-8"?>
<testsuite name="testpackage.MainTest" tests="17" skipped="0" failures="0" errors="0" timestamp="2018-06-09T11:33:13" hostname="Vadym" time="3.75">
  <properties/>
  <testcase name="testenablejt" classname="testpackage.MainTest" time="3.369"/>
  <testcase name="test_jButton_1_height" classname="testpackage.MainTest" time="0.002"/>
  <testcase name="testans" classname="testpackage.MainTest" time="0.0"/>
  <testcase name="testbin" classname="testpackage.MainTest" time="0.002"/>
  <testcase name="testhex" classname="testpackage.MainTest" time="0.001"/>
  <testcase name="testvkl" classname="testpackage.MainTest" time="0.002"/>
  <testcase name="testoctal" classname="testpackage.MainTest" time="0.002"/>
  <testcase name="testenab" classname="testpackage.MainTest" time="0.0"/>
  <testcase name="testmath" classname="testpackage.MainTest" time="0.001"/>
  <testcase name="testroun" classname="testpackage.MainTest" time="0.0"/>
  <testcase name="jButtonCActionPerformed" classname="testpackage.MainTest" time="0.001"/>
  <testcase name="test1x" classname="testpackage.MainTest" time="0.0"/>
  <testcase name="testfw" classname="testpackage.MainTest" time="0.0"/>
  <testcase name="test_division_by_one" classname="testpackage.MainTest" time="0.016"/>
  <testcase name="test_jButton_1_width" classname="testpackage.MainTest" time="0.0"/>
  <testcase name="test_jButton_1_text" classname="testpackage.MainTest" time="0.016"/>
  <testcase name="KeyPressed" classname="testpackage.MainTest" time="0.0"/>
  <system-out><![CDATA[ERROR
]]></system-out>
  <system-err><![CDATA[]]></system-err>
</testsuite>
