<?xml version="1.0" encoding="UTF-8"?>
<testsuite name="MainTest" tests="6" skipped="0" failures="0" errors="0" timestamp="2018-04-20T05:53:11" hostname="Vadym" time="9.052">
  <properties/>
  <testcase name="test_jButton_1_height" classname="MainTest" time="8.627"/>
  <testcase name="test_division_by_one" classname="MainTest" time="0.081"/>
  <testcase name="test_jButton_1_width" classname="MainTest" time="0.044"/>
  <testcase name="test_jButton_1_font" classname="MainTest" time="0.19"/>
  <testcase name="test_jButton_1_text" classname="MainTest" time="0.043"/>
  <testcase name="test_division_by_zero" classname="MainTest" time="0.066"/>
  <system-out><![CDATA[]]></system-out>
  <system-err><![CDATA[]]></system-err>
</testsuite>
