<?xml version="1.0" encoding="UTF-8"?>
<testsuite name="testpackage.CalculationTest" tests="4" skipped="0" failures="0" errors="0" timestamp="2018-06-05T20:49:59" hostname="Vadym" time="0.099">
  <properties/>
  <testcase name="correctness_char" classname="testpackage.CalculationTest" time="0.003"/>
  <testcase name="test_eval" classname="testpackage.CalculationTest" time="0.0"/>
  <testcase name="testeval" classname="testpackage.CalculationTest" time="0.0"/>
  <testcase name="delimeter" classname="testpackage.CalculationTest" time="0.001"/>
  <system-out><![CDATA[]]></system-out>
  <system-err><![CDATA[]]></system-err>
</testsuite>
