<?xml version="1.0" encoding="UTF-8"?>
<testsuite name="testpackage.ProcessTest" tests="1" skipped="0" failures="0" errors="0" timestamp="2018-06-11T19:22:46" hostname="Vadym" time="0.0">
  <properties/>
  <testcase name="testisDelim" classname="testpackage.ProcessTest" time="0.0"/>
  <system-out><![CDATA[]]></system-out>
  <system-err><![CDATA[]]></system-err>
</testsuite>
