<?xml version="1.0" encoding="UTF-8"?>
<testsuite name="MainTest" tests="7" skipped="0" failures="0" errors="0" timestamp="2018-05-11T12:14:10" hostname="Vadym" time="0.214">
  <properties/>
  <testcase name="test_jButton_1_height" classname="MainTest" time="0.034"/>
  <testcase name="test_division_by_one" classname="MainTest" time="0.032"/>
  <testcase name="test_jButton_1_width" classname="MainTest" time="0.031"/>
  <testcase name="test_jButton_1_font" classname="MainTest" time="0.029"/>
  <testcase name="test_jButton_1_text" classname="MainTest" time="0.031"/>
  <testcase name="test_jButton_2_font" classname="MainTest" time="0.027"/>
  <testcase name="testTitleFrame" classname="MainTest" time="0.026"/>
  <system-out><![CDATA[]]></system-out>
  <system-err><![CDATA[]]></system-err>
</testsuite>
