<?xml version="1.0" encoding="UTF-8"?>
<testsuite name="testpacket.CalculationTest" tests="3" skipped="0" failures="0" errors="0" timestamp="2018-05-17T20:38:36" hostname="Vadym" time="0.071">
  <properties/>
  <testcase name="correctness_char" classname="testpacket.CalculationTest" time="0.001"/>
  <testcase name="test_eval" classname="testpacket.CalculationTest" time="0.0"/>
  <testcase name="delimeter" classname="testpacket.CalculationTest" time="0.0"/>
  <system-out><![CDATA[]]></system-out>
  <system-err><![CDATA[]]></system-err>
</testsuite>
