<?xml version="1.0" encoding="UTF-8"?>
<testsuite name="testpackage.CalculationTest" tests="1" skipped="0" failures="0" errors="0" timestamp="2018-06-06T06:20:34" hostname="Vadym" time="0.005">
  <properties/>
  <testcase name="testeval" classname="testpackage.CalculationTest" time="0.005"/>
  <system-out><![CDATA[]]></system-out>
  <system-err><![CDATA[]]></system-err>
</testsuite>
