<?xml version="1.0" encoding="UTF-8"?>
<testsuite name="testpackage.MainTest" tests="27" skipped="0" failures="0" errors="0" timestamp="2018-06-12T12:23:30" hostname="Vadym" time="1.249">
  <properties/>
  <testcase name="testenablejt" classname="testpackage.MainTest" time="0.628"/>
  <testcase name="test_jButton_1_height" classname="testpackage.MainTest" time="0.001"/>
  <testcase name="test_jButton_4_width" classname="testpackage.MainTest" time="0.0"/>
  <testcase name="testans" classname="testpackage.MainTest" time="0.001"/>
  <testcase name="testbin" classname="testpackage.MainTest" time="0.002"/>
  <testcase name="testhex" classname="testpackage.MainTest" time="0.001"/>
  <testcase name="testvkl" classname="testpackage.MainTest" time="0.001"/>
  <testcase name="testoctal" classname="testpackage.MainTest" time="0.002"/>
  <testcase name="testmath" classname="testpackage.MainTest" time="0.0"/>
  <testcase name="testroun" classname="testpackage.MainTest" time="0.0"/>
  <testcase name="jButtonCActionPerformed" classname="testpackage.MainTest" time="0.001"/>
  <testcase name="test1x" classname="testpackage.MainTest" time="0.001"/>
  <testcase name="test_division_by_one" classname="testpackage.MainTest" time="0.017"/>
  <testcase name="test_jButton_4_height" classname="testpackage.MainTest" time="0.0"/>
  <testcase name="test_jButton_5_width" classname="testpackage.MainTest" time="0.0"/>
  <testcase name="test_jButton_1_width" classname="testpackage.MainTest" time="0.0"/>
  <testcase name="test_jButton_2_height" classname="testpackage.MainTest" time="0.0"/>
  <testcase name="test_jButton_1_text" classname="testpackage.MainTest" time="0.018"/>
  <testcase name="test_jButton_2_text" classname="testpackage.MainTest" time="0.015"/>
  <testcase name="test_jButton_3_text" classname="testpackage.MainTest" time="0.021"/>
  <testcase name="test_jButton_4_text" classname="testpackage.MainTest" time="0.015"/>
  <testcase name="test_jButton_5_text" classname="testpackage.MainTest" time="0.017"/>
  <testcase name="KeyPressedVK2" classname="testpackage.MainTest" time="0.001"/>
  <testcase name="test_jButton_2_width" classname="testpackage.MainTest" time="0.0"/>
  <testcase name="test_jButton_5_height" classname="testpackage.MainTest" time="0.001"/>
  <testcase name="test_jButton_3_height" classname="testpackage.MainTest" time="0.0"/>
  <testcase name="test_jButton_3_width" classname="testpackage.MainTest" time="0.0"/>
  <system-out><![CDATA[ERROR
]]></system-out>
  <system-err><![CDATA[]]></system-err>
</testsuite>
