<?xml version="1.0" encoding="UTF-8"?>
<testsuite name="testpackage.MainTest" tests="9" skipped="0" failures="0" errors="0" timestamp="2018-06-05T17:05:22" hostname="Vadym" time="0.317">
  <properties/>
  <testcase name="testenablejt" classname="testpackage.MainTest" time="0.071"/>
  <testcase name="test_jButton_1_height" classname="testpackage.MainTest" time="0.0"/>
  <testcase name="testenab" classname="testpackage.MainTest" time="0.0"/>
  <testcase name="testfw" classname="testpackage.MainTest" time="0.001"/>
  <testcase name="test_division_by_one" classname="testpackage.MainTest" time="0.019"/>
  <testcase name="test_jButton_1_width" classname="testpackage.MainTest" time="0.0"/>
  <testcase name="test_jButton_1_text" classname="testpackage.MainTest" time="0.017"/>
  <testcase name="testTitleFrame" classname="testpackage.MainTest" time="0.017"/>
  <testcase name="KeyPressed" classname="testpackage.MainTest" time="0.0"/>
  <system-out><![CDATA[]]></system-out>
  <system-err><![CDATA[]]></system-err>
</testsuite>
