<?xml version="1.0" encoding="UTF-8"?>
<testsuite name="testpackage.PrioritetTest" tests="1" skipped="0" failures="0" errors="0" timestamp="2018-06-11T19:22:46" hostname="Vadym" time="0.001">
  <properties/>
  <testcase name="prioritet" classname="testpackage.PrioritetTest" time="0.001"/>
  <system-out><![CDATA[]]></system-out>
  <system-err><![CDATA[]]></system-err>
</testsuite>
