<?xml version="1.0" encoding="UTF-8"?>
<testsuite name="MainTest" tests="6" skipped="0" failures="0" errors="0" timestamp="2018-04-17T20:20:49" hostname="Vadym" time="1.62">
  <properties/>
  <testcase name="test_jButton_1_height" classname="MainTest" time="1.449"/>
  <testcase name="test_division_by_one" classname="MainTest" time="0.042"/>
  <testcase name="test_jButton_1_width" classname="MainTest" time="0.033"/>
  <testcase name="test_jButton_1_font" classname="MainTest" time="0.034"/>
  <testcase name="test_jButton_1_text" classname="MainTest" time="0.029"/>
  <testcase name="test_division_by_zero" classname="MainTest" time="0.03"/>
  <system-out><![CDATA[]]></system-out>
  <system-err><![CDATA[]]></system-err>
</testsuite>
