<?xml version="1.0" encoding="UTF-8"?>
<testsuite name="MainTest" tests="10" skipped="0" failures="0" errors="0" timestamp="2018-06-19T14:50:41" hostname="Vadym" time="0.01">
  <properties/>
  <testcase name="isOperator" classname="MainTest" time="0.004"/>
  <testcase name="priority" classname="MainTest" time="0.0"/>
  <testcase name="livesumTest" classname="MainTest" time="0.0"/>
  <testcase name="vkl" classname="MainTest" time="0.0"/>
  <testcase name="eval" classname="MainTest" time="0.0"/>
  <testcase name="main" classname="MainTest" time="0.0"/>
  <testcase name="vykl" classname="MainTest" time="0.001"/>
  <testcase name="processOperator" classname="MainTest" time="0.0"/>
  <testcase name="mathematic" classname="MainTest" time="0.0"/>
  <testcase name="isDelim" classname="MainTest" time="0.001"/>
  <system-out><![CDATA[]]></system-out>
  <system-err><![CDATA[]]></system-err>
</testsuite>
