<?xml version="1.0" encoding="UTF-8"?>
<testsuite name="MainTest" tests="10" skipped="0" failures="0" errors="0" timestamp="2018-06-12T17:55:37" hostname="Vadym" time="0.062">
  <properties/>
  <testcase name="isOperator" classname="MainTest" time="0.021"/>
  <testcase name="priority" classname="MainTest" time="0.001"/>
  <testcase name="livesumTest" classname="MainTest" time="0.001"/>
  <testcase name="vkl" classname="MainTest" time="0.001"/>
  <testcase name="eval" classname="MainTest" time="0.001"/>
  <testcase name="main" classname="MainTest" time="0.002"/>
  <testcase name="vykl" classname="MainTest" time="0.0"/>
  <testcase name="processOperator" classname="MainTest" time="0.0"/>
  <testcase name="mathematic" classname="MainTest" time="0.009"/>
  <testcase name="isDelim" classname="MainTest" time="0.002"/>
  <system-out><![CDATA[]]></system-out>
  <system-err><![CDATA[]]></system-err>
</testsuite>
