<?xml version="1.0" encoding="UTF-8"?>
<testsuite name="MainTest" tests="6" skipped="0" failures="0" errors="0" timestamp="2018-04-19T21:25:28" hostname="Vadym" time="1.49">
  <properties/>
  <testcase name="test_jButton_1_height" classname="MainTest" time="1.33"/>
  <testcase name="test_division_by_one" classname="MainTest" time="0.042"/>
  <testcase name="test_jButton_1_width" classname="MainTest" time="0.03"/>
  <testcase name="test_jButton_1_font" classname="MainTest" time="0.031"/>
  <testcase name="test_jButton_1_text" classname="MainTest" time="0.026"/>
  <testcase name="test_division_by_zero" classname="MainTest" time="0.029"/>
  <system-out><![CDATA[]]></system-out>
  <system-err><![CDATA[]]></system-err>
</testsuite>
