<?xml version="1.0" encoding="UTF-8"?>
<testsuite name="MainTest" tests="7" skipped="0" failures="0" errors="0" timestamp="2018-05-15T19:36:33" hostname="Vadym" time="0.299">
  <properties/>
  <testcase name="test_jButton_1_height" classname="MainTest" time="0.001"/>
  <testcase name="test_division_by_one" classname="MainTest" time="0.028"/>
  <testcase name="test_jButton_1_width" classname="MainTest" time="0.0"/>
  <testcase name="test_jButton_1_font" classname="MainTest" time="0.052"/>
  <testcase name="test_jButton_1_text" classname="MainTest" time="0.028"/>
  <testcase name="test_jButton_2_font" classname="MainTest" time="0.021"/>
  <testcase name="testTitleFrame" classname="MainTest" time="0.016"/>
  <system-out><![CDATA[]]></system-out>
  <system-err><![CDATA[]]></system-err>
</testsuite>
