<?xml version="1.0" encoding="UTF-8"?>
<testsuite name="testpackage.MainTest" tests="7" skipped="0" failures="0" errors="0" timestamp="2018-06-05T21:27:03" hostname="Vadym" time="0.288">
  <properties/>
  <testcase name="testenablejt" classname="testpackage.MainTest" time="0.081"/>
  <testcase name="test_jButton_1_height" classname="testpackage.MainTest" time="0.0"/>
  <testcase name="testfw" classname="testpackage.MainTest" time="0.0"/>
  <testcase name="test_division_by_one" classname="testpackage.MainTest" time="0.03"/>
  <testcase name="test_jButton_1_width" classname="testpackage.MainTest" time="0.001"/>
  <testcase name="test_jButton_1_text" classname="testpackage.MainTest" time="0.021"/>
  <testcase name="KeyPressed" classname="testpackage.MainTest" time="0.001"/>
  <system-out><![CDATA[]]></system-out>
  <system-err><![CDATA[]]></system-err>
</testsuite>
