<?xml version="1.0" encoding="UTF-8"?>
<testsuite name="testpackage.CalculationTest" tests="2" skipped="0" failures="0" errors="0" timestamp="2018-06-19T15:46:09" hostname="Vadym" time="0.001">
  <properties/>
  <testcase name="correctness_char" classname="testpackage.CalculationTest" time="0.0"/>
  <testcase name="delimeter" classname="testpackage.CalculationTest" time="0.0"/>
  <system-out><![CDATA[]]></system-out>
  <system-err><![CDATA[]]></system-err>
</testsuite>
