<?xml version="1.0" encoding="UTF-8"?>
<testsuite name="testpackage.MainTest" tests="1" skipped="0" failures="0" errors="0" timestamp="2018-06-07T10:31:48" hostname="Vadym" time="0.016">
  <properties/>
  <testcase name="testenabl" classname="testpackage.MainTest" time="0.016"/>
  <system-out><![CDATA[]]></system-out>
  <system-err><![CDATA[]]></system-err>
</testsuite>
