<?xml version="1.0" encoding="UTF-8"?>
<testsuite name="MainTest" tests="7" skipped="0" failures="0" errors="0" timestamp="2018-05-03T16:45:22" hostname="Vadym" time="3.269">
  <properties/>
  <testcase name="test_jButton_1_height" classname="MainTest" time="3.014"/>
  <testcase name="test_division_by_one" classname="MainTest" time="0.051"/>
  <testcase name="test_jButton_1_width" classname="MainTest" time="0.037"/>
  <testcase name="test_jButton_1_font" classname="MainTest" time="0.068"/>
  <testcase name="test_jButton_1_text" classname="MainTest" time="0.035"/>
  <testcase name="test_jButton_2_font" classname="MainTest" time="0.032"/>
  <testcase name="test_division_by_zero" classname="MainTest" time="0.03"/>
  <system-out><![CDATA[]]></system-out>
  <system-err><![CDATA[]]></system-err>
</testsuite>
