<?xml version="1.0" encoding="UTF-8"?>
<testsuite name="testpacket.MainTest" tests="6" skipped="0" failures="0" errors="0" timestamp="2018-05-24T21:17:57" hostname="Vadym" time="0.287">
  <properties/>
  <testcase name="test_jButton_1_height" classname="testpacket.MainTest" time="0.0"/>
  <testcase name="test_division_by_one" classname="testpacket.MainTest" time="0.034"/>
  <testcase name="test_jButton_1_width" classname="testpacket.MainTest" time="0.001"/>
  <testcase name="test_jButton_1_text" classname="testpacket.MainTest" time="0.025"/>
  <testcase name="testTitleFrame" classname="testpacket.MainTest" time="0.025"/>
  <testcase name="KeyPressed" classname="testpacket.MainTest" time="0.02"/>
  <system-out><![CDATA[]]></system-out>
  <system-err><![CDATA[]]></system-err>
</testsuite>
