<?xml version="1.0" encoding="UTF-8"?>
<testsuite name="testpackage.ProcessTest" tests="2" skipped="0" failures="0" errors="0" timestamp="2019-08-17T18:30:49" hostname="Vadym" time="0.01">
  <properties/>
  <testcase name="testchase_plus" classname="testpackage.ProcessTest" time="0.0"/>
  <testcase name="testisDelim" classname="testpackage.ProcessTest" time="0.0"/>
  <system-out><![CDATA[]]></system-out>
  <system-err><![CDATA[]]></system-err>
</testsuite>
