<?xml version="1.0" encoding="UTF-8"?>
<testsuite name="MainTest" tests="4" skipped="0" failures="0" errors="0" timestamp="2018-04-17T19:29:36" hostname="Vadym" time="0.808">
  <properties/>
  <testcase name="test_jButton_1_height" classname="MainTest" time="0.7"/>
  <testcase name="test_jButton_1_width" classname="MainTest" time="0.039"/>
  <testcase name="test_jButton_1_font" classname="MainTest" time="0.035"/>
  <testcase name="test_jButton_1_text" classname="MainTest" time="0.033"/>
  <system-out><![CDATA[]]></system-out>
  <system-err><![CDATA[]]></system-err>
</testsuite>
