<?xml version="1.0" encoding="UTF-8"?>
<testsuite name="MainTest" tests="7" skipped="0" failures="0" errors="0" timestamp="2018-05-11T11:38:07" hostname="Vadym" time="0.195">
  <properties/>
  <testcase name="test_jButton_1_height" classname="MainTest" time="0.032"/>
  <testcase name="test_division_by_one" classname="MainTest" time="0.035"/>
  <testcase name="test_jButton_1_width" classname="MainTest" time="0.028"/>
  <testcase name="test_jButton_1_font" classname="MainTest" time="0.028"/>
  <testcase name="test_jButton_1_text" classname="MainTest" time="0.023"/>
  <testcase name="test_jButton_2_font" classname="MainTest" time="0.024"/>
  <testcase name="testTitleFrame" classname="MainTest" time="0.022"/>
  <system-out><![CDATA[]]></system-out>
  <system-err><![CDATA[]]></system-err>
</testsuite>
