<?xml version="1.0" encoding="UTF-8"?>
<testsuite name="testpackage.CalculationTest" tests="1" skipped="0" failures="0" errors="0" timestamp="2018-06-05T21:49:39" hostname="Vadym" time="0.003">
  <properties/>
  <testcase name="testeval" classname="testpackage.CalculationTest" time="0.003"/>
  <system-out><![CDATA[]]></system-out>
  <system-err><![CDATA[]]></system-err>
</testsuite>
