<?xml version="1.0" encoding="UTF-8"?>
<testsuite name="testpackage.MainTest" tests="12" skipped="0" failures="0" errors="0" timestamp="2018-06-13T13:03:35" hostname="Vadym" time="0.344">
  <properties/>
  <testcase name="testenablejt" classname="testpackage.MainTest" time="0.085"/>
  <testcase name="testans" classname="testpackage.MainTest" time="0.001"/>
  <testcase name="testbin" classname="testpackage.MainTest" time="0.001"/>
  <testcase name="testhex" classname="testpackage.MainTest" time="0.001"/>
  <testcase name="testvkl" classname="testpackage.MainTest" time="0.001"/>
  <testcase name="testoctal" classname="testpackage.MainTest" time="0.001"/>
  <testcase name="testmath" classname="testpackage.MainTest" time="0.001"/>
  <testcase name="testroun" classname="testpackage.MainTest" time="0.001"/>
  <testcase name="jButtonCActionPerformed" classname="testpackage.MainTest" time="0.001"/>
  <testcase name="test1x" classname="testpackage.MainTest" time="0.0"/>
  <testcase name="test_division_by_one" classname="testpackage.MainTest" time="0.018"/>
  <testcase name="KeyPressedVK2" classname="testpackage.MainTest" time="0.001"/>
  <system-out><![CDATA[]]></system-out>
  <system-err><![CDATA[]]></system-err>
</testsuite>
