<?xml version="1.0" encoding="UTF-8"?>
<testsuite name="testpackage.MainTest" tests="16" skipped="0" failures="0" errors="0" timestamp="2018-06-09T12:35:21" hostname="Vadym" time="0.369">
  <properties/>
  <testcase name="testenablejt" classname="testpackage.MainTest" time="0.07"/>
  <testcase name="test_jButton_1_height" classname="testpackage.MainTest" time="0.001"/>
  <testcase name="testans" classname="testpackage.MainTest" time="0.001"/>
  <testcase name="testbin" classname="testpackage.MainTest" time="0.001"/>
  <testcase name="testhex" classname="testpackage.MainTest" time="0.001"/>
  <testcase name="testvkl" classname="testpackage.MainTest" time="0.0"/>
  <testcase name="testoctal" classname="testpackage.MainTest" time="0.001"/>
  <testcase name="testenab" classname="testpackage.MainTest" time="0.0"/>
  <testcase name="testmath" classname="testpackage.MainTest" time="0.0"/>
  <testcase name="testroun" classname="testpackage.MainTest" time="0.001"/>
  <testcase name="jButtonCActionPerformed" classname="testpackage.MainTest" time="0.001"/>
  <testcase name="test1x" classname="testpackage.MainTest" time="0.0"/>
  <testcase name="test_division_by_one" classname="testpackage.MainTest" time="0.013"/>
  <testcase name="test_jButton_1_width" classname="testpackage.MainTest" time="0.001"/>
  <testcase name="test_jButton_1_text" classname="testpackage.MainTest" time="0.014"/>
  <testcase name="KeyPressed" classname="testpackage.MainTest" time="0.001"/>
  <system-out><![CDATA[ERROR
]]></system-out>
  <system-err><![CDATA[]]></system-err>
</testsuite>
