<component name="libraryTable">
  <library name="junitsrc">
    <CLASSES />
    <JAVADOC />
    <SOURCES>
      <root url="jar://$USER_HOME$/workspace24/plugins/org.junit.source_4.10.0.v4_10_0_v20120426-0900.jar!/junitsrc" />
    </SOURCES>
  </library>
</component>